  [1m[36m (11.6ms)[0m  [1mCREATE TABLE "schema_migrations" ("version" varchar NOT NULL) [0m
  [1m[35m (0.1ms)[0m  select sqlite_version(*)
  [1m[36m (6.9ms)[0m  [1mCREATE UNIQUE INDEX "unique_schema_migrations" ON "schema_migrations" ("version")[0m
  [1m[35mActiveRecord::SchemaMigration Load (0.1ms)[0m  SELECT "schema_migrations".* FROM "schema_migrations"
Migrating to CreateUsers (20160215195915)
  [1m[36m (0.1ms)[0m  [1mbegin transaction[0m
  [1m[35m (0.4ms)[0m  CREATE TABLE "users" ("id" INTEGER PRIMARY KEY AUTOINCREMENT NOT NULL, "name" varchar, "email" varchar, "created_at" datetime NOT NULL, "updated_at" datetime NOT NULL) 
  [1m[36mSQL (0.2ms)[0m  [1mINSERT INTO "schema_migrations" ("version") VALUES (?)[0m  [["version", "20160215195915"]]
  [1m[35m (11.7ms)[0m  commit transaction
  [1m[36mActiveRecord::SchemaMigration Load (0.1ms)[0m  [1mSELECT "schema_migrations".* FROM "schema_migrations"[0m
  [1m[36mActiveRecord::SchemaMigration Load (0.4ms)[0m  [1mSELECT "schema_migrations".* FROM "schema_migrations"[0m
  [1m[35mActiveRecord::SchemaMigration Load (0.2ms)[0m  SELECT "schema_migrations".* FROM "schema_migrations"


Started GET "/" for 83.141.77.130 at 2016-02-15 20:02:07 +0000
  [1m[36mActiveRecord::SchemaMigration Load (0.2ms)[0m  [1mSELECT "schema_migrations".* FROM "schema_migrations"[0m
Processing by Rails::WelcomeController#index as HTML
  Rendered /usr/local/rvm/gems/ruby-2.3.0/gems/railties-4.2.2/lib/rails/templates/rails/welcome/index.html.erb (7.3ms)
Completed 200 OK in 34ms (Views: 21.8ms | ActiveRecord: 0.0ms)


Started GET "/" for 2001:4d68:200e:1221:4dcf:5402:7a1a:97a at 2016-02-15 20:02:29 +0000
Processing by Rails::WelcomeController#index as HTML
  Rendered /usr/local/rvm/gems/ruby-2.3.0/gems/railties-4.2.2/lib/rails/templates/rails/welcome/index.html.erb (0.0ms)
Completed 200 OK in 3ms (Views: 2.1ms | ActiveRecord: 0.0ms)


Started GET "/" for 2001:4d68:200e:1221:4dcf:5402:7a1a:97a at 2016-02-15 20:03:30 +0000
  [1m[36mActiveRecord::SchemaMigration Load (0.1ms)[0m  [1mSELECT "schema_migrations".* FROM "schema_migrations"[0m
Processing by Rails::WelcomeController#index as HTML
  Rendered /usr/local/rvm/gems/ruby-2.3.0/gems/railties-4.2.2/lib/rails/templates/rails/welcome/index.html.erb (2.8ms)
Completed 200 OK in 30ms (Views: 13.9ms | ActiveRecord: 0.0ms)


Started GET "/user" for 2001:4d68:200e:1221:4dcf:5402:7a1a:97a at 2016-02-15 20:03:33 +0000

ActionController::RoutingError (No route matches [GET] "/user"):
  web-console (2.0.0.beta3) lib/action_dispatch/debug_exceptions.rb:22:in `middleware_call'
  web-console (2.0.0.beta3) lib/action_dispatch/debug_exceptions.rb:13:in `call'
  actionpack (4.2.2) lib/action_dispatch/middleware/show_exceptions.rb:30:in `call'
  railties (4.2.2) lib/rails/rack/logger.rb:38:in `call_app'
  railties (4.2.2) lib/rails/rack/logger.rb:20:in `block in call'
  activesupport (4.2.2) lib/active_support/tagged_logging.rb:68:in `block in tagged'
  activesupport (4.2.2) lib/active_support/tagged_logging.rb:26:in `tagged'
  activesupport (4.2.2) lib/active_support/tagged_logging.rb:68:in `tagged'
  railties (4.2.2) lib/rails/rack/logger.rb:20:in `call'
  actionpack (4.2.2) lib/action_dispatch/middleware/request_id.rb:21:in `call'
  rack (1.6.4) lib/rack/methodoverride.rb:22:in `call'
  rack (1.6.4) lib/rack/runtime.rb:18:in `call'
  activesupport (4.2.2) lib/active_support/cache/strategy/local_cache_middleware.rb:28:in `call'
  rack (1.6.4) lib/rack/lock.rb:17:in `call'
  actionpack (4.2.2) lib/action_dispatch/middleware/static.rb:113:in `call'
  rack (1.6.4) lib/rack/sendfile.rb:113:in `call'
  railties (4.2.2) lib/rails/engine.rb:518:in `call'
  railties (4.2.2) lib/rails/application.rb:164:in `call'
  rack (1.6.4) lib/rack/lock.rb:17:in `call'
  rack (1.6.4) lib/rack/content_length.rb:15:in `call'
  rack (1.6.4) lib/rack/handler/webrick.rb:88:in `service'
  /usr/local/rvm/rubies/ruby-2.3.0/lib/ruby/2.3.0/webrick/httpserver.rb:140:in `service'
  /usr/local/rvm/rubies/ruby-2.3.0/lib/ruby/2.3.0/webrick/httpserver.rb:96:in `run'
  /usr/local/rvm/rubies/ruby-2.3.0/lib/ruby/2.3.0/webrick/server.rb:296:in `block in start_thread'


  Rendered /usr/local/rvm/gems/ruby-2.3.0/gems/web-console-2.0.0.beta3/lib/action_dispatch/templates/rescues/_trace.html.erb (1.9ms)
  Rendered /usr/local/rvm/gems/ruby-2.3.0/gems/web-console-2.0.0.beta3/lib/action_dispatch/templates/rescues/routing_error.html.erb within rescues/layout (63.2ms)


Started GET "/users" for 2001:4d68:200e:1221:4dcf:5402:7a1a:97a at 2016-02-15 20:03:36 +0000
Processing by UsersController#index as HTML
  [1m[35mUser Load (0.3ms)[0m  SELECT "users".* FROM "users"
  Rendered users/index.html.erb within layouts/application (2.9ms)
Completed 200 OK in 1714ms (Views: 1709.8ms | ActiveRecord: 0.5ms)


Started GET "/assets/scaffolds.self-4cddaedbf50798da0e71083f0a70389982ef2881f80ea4d0046fd7ec9a64731f.css?body=1" for 2001:4d68:200e:1221:4dcf:5402:7a1a:97a at 2016-02-15 20:03:38 +0000


Started GET "/assets/users.self-e3b0c44298fc1c149afbf4c8996fb92427ae41e4649b934ca495991b7852b855.css?body=1" for 2001:4d68:200e:1221:4dcf:5402:7a1a:97a at 2016-02-15 20:03:38 +0000


Started GET "/assets/application.self-e80e8f2318043e8af94dddc2adad5a4f09739a8ebb323b3ab31cd71d45fd9113.css?body=1" for 2001:4d68:200e:1221:4dcf:5402:7a1a:97a at 2016-02-15 20:03:38 +0000


Started GET "/assets/jquery.self-d03a5518f45df77341bdbe6201ba3bfa547ebba8ed64f0ea56bfa5f96ea7c074.js?body=1" for 2001:4d68:200e:1221:4dcf:5402:7a1a:97a at 2016-02-15 20:03:38 +0000


Started GET "/assets/jquery_ujs.self-8e98a7a072a6cee1372d19fff9ff3e6aa1e39a37d89d6f06861637d061113ee7.js?body=1" for 2001:4d68:200e:1221:4dcf:5402:7a1a:97a at 2016-02-15 20:03:38 +0000


Started GET "/assets/turbolinks.self-c846e670826600e8c91b1a5ada3e6547110d996cd6ff24cde55024f7a135a1b4.js?body=1" for 2001:4d68:200e:1221:4dcf:5402:7a1a:97a at 2016-02-15 20:03:38 +0000


Started GET "/assets/users.self-877aef30ae1b040ab8a3aba4e3e309a11d7f2612f44dde450b5c157aa5f95c05.js?body=1" for 2001:4d68:200e:1221:4dcf:5402:7a1a:97a at 2016-02-15 20:03:38 +0000


Started GET "/assets/application.self-3b8dabdc891efe46b9a144b400ad69e37d7e5876bdc39dee783419a69d7ca819.js?body=1" for 2001:4d68:200e:1221:4dcf:5402:7a1a:97a at 2016-02-15 20:03:38 +0000
  [1m[36mActiveRecord::SchemaMigration Load (0.2ms)[0m  [1mSELECT "schema_migrations".* FROM "schema_migrations"[0m
Migrating to CreateBlogs (20160215200617)
  [1m[35m (0.1ms)[0m  begin transaction
  [1m[36m (0.4ms)[0m  [1mCREATE TABLE "blogs" ("id" INTEGER PRIMARY KEY AUTOINCREMENT NOT NULL, "content" text, "user_id" integer, "created_at" datetime NOT NULL, "updated_at" datetime NOT NULL) [0m
  [1m[35mSQL (0.2ms)[0m  INSERT INTO "schema_migrations" ("version") VALUES (?)  [["version", "20160215200617"]]
  [1m[36m (11.8ms)[0m  [1mcommit transaction[0m
  [1m[35mActiveRecord::SchemaMigration Load (0.1ms)[0m  SELECT "schema_migrations".* FROM "schema_migrations"


Started GET "/" for 83.141.77.130 at 2016-02-15 20:07:10 +0000
  [1m[36mActiveRecord::SchemaMigration Load (0.2ms)[0m  [1mSELECT "schema_migrations".* FROM "schema_migrations"[0m
Processing by Rails::WelcomeController#index as HTML
  Rendered /usr/local/rvm/gems/ruby-2.3.0/gems/railties-4.2.2/lib/rails/templates/rails/welcome/index.html.erb (3.0ms)
Completed 200 OK in 38ms (Views: 16.6ms | ActiveRecord: 0.0ms)


Started GET "/Blog" for 83.141.77.130 at 2016-02-15 20:07:15 +0000

ActionController::RoutingError (No route matches [GET] "/Blog"):
  web-console (2.0.0.beta3) lib/action_dispatch/debug_exceptions.rb:22:in `middleware_call'
  web-console (2.0.0.beta3) lib/action_dispatch/debug_exceptions.rb:13:in `call'
  actionpack (4.2.2) lib/action_dispatch/middleware/show_exceptions.rb:30:in `call'
  railties (4.2.2) lib/rails/rack/logger.rb:38:in `call_app'
  railties (4.2.2) lib/rails/rack/logger.rb:20:in `block in call'
  activesupport (4.2.2) lib/active_support/tagged_logging.rb:68:in `block in tagged'
  activesupport (4.2.2) lib/active_support/tagged_logging.rb:26:in `tagged'
  activesupport (4.2.2) lib/active_support/tagged_logging.rb:68:in `tagged'
  railties (4.2.2) lib/rails/rack/logger.rb:20:in `call'
  actionpack (4.2.2) lib/action_dispatch/middleware/request_id.rb:21:in `call'
  rack (1.6.4) lib/rack/methodoverride.rb:22:in `call'
  rack (1.6.4) lib/rack/runtime.rb:18:in `call'
  activesupport (4.2.2) lib/active_support/cache/strategy/local_cache_middleware.rb:28:in `call'
  rack (1.6.4) lib/rack/lock.rb:17:in `call'
  actionpack (4.2.2) lib/action_dispatch/middleware/static.rb:113:in `call'
  rack (1.6.4) lib/rack/sendfile.rb:113:in `call'
  railties (4.2.2) lib/rails/engine.rb:518:in `call'
  railties (4.2.2) lib/rails/application.rb:164:in `call'
  rack (1.6.4) lib/rack/lock.rb:17:in `call'
  rack (1.6.4) lib/rack/content_length.rb:15:in `call'
  rack (1.6.4) lib/rack/handler/webrick.rb:88:in `service'
  /usr/local/rvm/rubies/ruby-2.3.0/lib/ruby/2.3.0/webrick/httpserver.rb:140:in `service'
  /usr/local/rvm/rubies/ruby-2.3.0/lib/ruby/2.3.0/webrick/httpserver.rb:96:in `run'
  /usr/local/rvm/rubies/ruby-2.3.0/lib/ruby/2.3.0/webrick/server.rb:296:in `block in start_thread'


  Rendered /usr/local/rvm/gems/ruby-2.3.0/gems/web-console-2.0.0.beta3/lib/action_dispatch/templates/rescues/_trace.html.erb (1.2ms)
  Rendered /usr/local/rvm/gems/ruby-2.3.0/gems/web-console-2.0.0.beta3/lib/action_dispatch/templates/rescues/routing_error.html.erb within rescues/layout (64.6ms)


Started GET "/blog" for 83.141.77.130 at 2016-02-15 20:07:20 +0000

ActionController::RoutingError (No route matches [GET] "/blog"):
  web-console (2.0.0.beta3) lib/action_dispatch/debug_exceptions.rb:22:in `middleware_call'
  web-console (2.0.0.beta3) lib/action_dispatch/debug_exceptions.rb:13:in `call'
  actionpack (4.2.2) lib/action_dispatch/middleware/show_exceptions.rb:30:in `call'
  railties (4.2.2) lib/rails/rack/logger.rb:38:in `call_app'
  railties (4.2.2) lib/rails/rack/logger.rb:20:in `block in call'
  activesupport (4.2.2) lib/active_support/tagged_logging.rb:68:in `block in tagged'
  activesupport (4.2.2) lib/active_support/tagged_logging.rb:26:in `tagged'
  activesupport (4.2.2) lib/active_support/tagged_logging.rb:68:in `tagged'
  railties (4.2.2) lib/rails/rack/logger.rb:20:in `call'
  actionpack (4.2.2) lib/action_dispatch/middleware/request_id.rb:21:in `call'
  rack (1.6.4) lib/rack/methodoverride.rb:22:in `call'
  rack (1.6.4) lib/rack/runtime.rb:18:in `call'
  activesupport (4.2.2) lib/active_support/cache/strategy/local_cache_middleware.rb:28:in `call'
  rack (1.6.4) lib/rack/lock.rb:17:in `call'
  actionpack (4.2.2) lib/action_dispatch/middleware/static.rb:113:in `call'
  rack (1.6.4) lib/rack/sendfile.rb:113:in `call'
  railties (4.2.2) lib/rails/engine.rb:518:in `call'
  railties (4.2.2) lib/rails/application.rb:164:in `call'
  rack (1.6.4) lib/rack/lock.rb:17:in `call'
  rack (1.6.4) lib/rack/content_length.rb:15:in `call'
  rack (1.6.4) lib/rack/handler/webrick.rb:88:in `service'
  /usr/local/rvm/rubies/ruby-2.3.0/lib/ruby/2.3.0/webrick/httpserver.rb:140:in `service'
  /usr/local/rvm/rubies/ruby-2.3.0/lib/ruby/2.3.0/webrick/httpserver.rb:96:in `run'
  /usr/local/rvm/rubies/ruby-2.3.0/lib/ruby/2.3.0/webrick/server.rb:296:in `block in start_thread'


  Rendered /usr/local/rvm/gems/ruby-2.3.0/gems/web-console-2.0.0.beta3/lib/action_dispatch/templates/rescues/_trace.html.erb (2.2ms)
  Rendered /usr/local/rvm/gems/ruby-2.3.0/gems/web-console-2.0.0.beta3/lib/action_dispatch/templates/rescues/routing_error.html.erb within rescues/layout (63.1ms)


Started GET "/blogs" for 83.141.77.130 at 2016-02-15 20:07:30 +0000
Processing by BlogsController#index as HTML
  [1m[35mBlog Load (0.2ms)[0m  SELECT "blogs".* FROM "blogs"
  Rendered blogs/index.html.erb within layouts/application (2.5ms)
Completed 200 OK in 584ms (Views: 580.1ms | ActiveRecord: 0.4ms)


Started GET "/assets/users.self-e3b0c44298fc1c149afbf4c8996fb92427ae41e4649b934ca495991b7852b855.css?body=1" for 83.141.77.130 at 2016-02-15 20:07:31 +0000


Started GET "/assets/blogs.self-e3b0c44298fc1c149afbf4c8996fb92427ae41e4649b934ca495991b7852b855.css?body=1" for 83.141.77.130 at 2016-02-15 20:07:31 +0000


Started GET "/assets/scaffolds.self-4cddaedbf50798da0e71083f0a70389982ef2881f80ea4d0046fd7ec9a64731f.css?body=1" for 83.141.77.130 at 2016-02-15 20:07:31 +0000


Started GET "/assets/application.self-e80e8f2318043e8af94dddc2adad5a4f09739a8ebb323b3ab31cd71d45fd9113.css?body=1" for 83.141.77.130 at 2016-02-15 20:07:31 +0000


Started GET "/assets/jquery.self-d03a5518f45df77341bdbe6201ba3bfa547ebba8ed64f0ea56bfa5f96ea7c074.js?body=1" for 83.141.77.130 at 2016-02-15 20:07:31 +0000


Started GET "/assets/jquery_ujs.self-8e98a7a072a6cee1372d19fff9ff3e6aa1e39a37d89d6f06861637d061113ee7.js?body=1" for 83.141.77.130 at 2016-02-15 20:07:31 +0000


Started GET "/assets/blogs.self-877aef30ae1b040ab8a3aba4e3e309a11d7f2612f44dde450b5c157aa5f95c05.js?body=1" for 83.141.77.130 at 2016-02-15 20:07:31 +0000


Started GET "/assets/turbolinks.self-c846e670826600e8c91b1a5ada3e6547110d996cd6ff24cde55024f7a135a1b4.js?body=1" for 83.141.77.130 at 2016-02-15 20:07:31 +0000


Started GET "/assets/users.self-877aef30ae1b040ab8a3aba4e3e309a11d7f2612f44dde450b5c157aa5f95c05.js?body=1" for 83.141.77.130 at 2016-02-15 20:07:31 +0000


Started GET "/assets/application.self-3b8dabdc891efe46b9a144b400ad69e37d7e5876bdc39dee783419a69d7ca819.js?body=1" for 83.141.77.130 at 2016-02-15 20:07:31 +0000


Started GET "/blogs/new" for 83.141.77.130 at 2016-02-15 20:07:35 +0000
Processing by BlogsController#new as HTML
  Rendered blogs/_form.html.erb (52.6ms)
  Rendered blogs/new.html.erb within layouts/application (56.6ms)
Completed 200 OK in 103ms (Views: 96.8ms | ActiveRecord: 0.3ms)


Started POST "/blogs" for 83.141.77.130 at 2016-02-15 20:07:43 +0000
Processing by BlogsController#create as HTML
  Parameters: {"utf8"=>"✓", "authenticity_token"=>"6pF0VTPVhvSZBkAmgMemQTKS7J6T8u1oUh4bBqlXiLd7cl1lpzNTb67ss5zJIb3vOWZyUis0lkoyd56mMU4QWw==", "blog"=>{"content"=>"fhzeoifhzeof", "user_id"=>"5"}, "commit"=>"Create Blog"}
  [1m[36m (0.1ms)[0m  [1mbegin transaction[0m
  [1m[35mSQL (0.5ms)[0m  INSERT INTO "blogs" ("content", "user_id", "created_at", "updated_at") VALUES (?, ?, ?, ?)  [["content", "fhzeoifhzeof"], ["user_id", 5], ["created_at", "2016-02-15 20:07:43.384052"], ["updated_at", "2016-02-15 20:07:43.384052"]]
  [1m[36m (7.7ms)[0m  [1mcommit transaction[0m
Redirected to https://webframework-dienys.c9users.io/blogs/1
Completed 302 Found in 27ms (ActiveRecord: 8.3ms)


Started GET "/blogs/1" for 83.141.77.130 at 2016-02-15 20:07:43 +0000
Processing by BlogsController#show as HTML
  Parameters: {"id"=>"1"}
  [1m[35mBlog Load (0.4ms)[0m  SELECT  "blogs".* FROM "blogs" WHERE "blogs"."id" = ? LIMIT 1  [["id", 1]]
  Rendered blogs/show.html.erb within layouts/application (1.6ms)
Completed 200 OK in 60ms (Views: 40.8ms | ActiveRecord: 0.4ms)


Started GET "/blogs" for 83.141.77.130 at 2016-02-15 20:07:49 +0000
Processing by BlogsController#index as HTML
  [1m[36mBlog Load (0.3ms)[0m  [1mSELECT "blogs".* FROM "blogs"[0m
  Rendered blogs/index.html.erb within layouts/application (3.7ms)
Completed 200 OK in 48ms (Views: 46.9ms | ActiveRecord: 0.3ms)


Started GET "/" for 2001:4d68:200e:1221:4dcf:5402:7a1a:97a at 2016-02-15 20:10:05 +0000
  [1m[36mActiveRecord::SchemaMigration Load (0.2ms)[0m  [1mSELECT "schema_migrations".* FROM "schema_migrations"[0m
Processing by Rails::WelcomeController#index as HTML
  Rendered /usr/local/rvm/gems/ruby-2.3.0/gems/railties-4.2.2/lib/rails/templates/rails/welcome/index.html.erb (4.1ms)
Completed 200 OK in 45ms (Views: 20.8ms | ActiveRecord: 0.0ms)


Started GET "/blogs" for 2001:4d68:200e:1221:4dcf:5402:7a1a:97a at 2016-02-15 20:10:13 +0000
Processing by BlogsController#index as HTML
Completed 500 Internal Server Error in 4ms (ActiveRecord: 0.0ms)

ArgumentError (Unknown key: :length. Valid keys are: :on, :if, :unless, :prepend. Perhaps you meant to call `validates` instead of `validate`?):
  app/models/blog.rb:2:in `<class:Blog>'
  app/models/blog.rb:1:in `<top (required)>'
  app/controllers/blogs_controller.rb:7:in `index'


  Rendered /usr/local/rvm/gems/ruby-2.3.0/gems/web-console-2.0.0.beta3/lib/action_dispatch/templates/rescues/_source.erb (6.4ms)
  Rendered /usr/local/rvm/gems/ruby-2.3.0/gems/web-console-2.0.0.beta3/lib/action_dispatch/templates/rescues/_trace.html.erb (3.1ms)
  Rendered /usr/local/rvm/gems/ruby-2.3.0/gems/web-console-2.0.0.beta3/lib/action_dispatch/templates/rescues/_request_and_response.html.erb (1.5ms)
  Rendered /usr/local/rvm/gems/ruby-2.3.0/gems/web-console-2.0.0.beta3/lib/action_dispatch/templates/rescues/_web_console.html.erb (1.3ms)
  Rendered /usr/local/rvm/gems/ruby-2.3.0/gems/web-console-2.0.0.beta3/lib/action_dispatch/templates/rescues/diagnostics.html.erb within rescues/layout (100.4ms)


Started GET "/" for 83.141.77.130 at 2016-02-15 20:10:48 +0000
  [1m[36mActiveRecord::SchemaMigration Load (0.3ms)[0m  [1mSELECT "schema_migrations".* FROM "schema_migrations"[0m
Processing by Rails::WelcomeController#index as HTML
  Rendered /usr/local/rvm/gems/ruby-2.3.0/gems/railties-4.2.2/lib/rails/templates/rails/welcome/index.html.erb (3.5ms)
Completed 200 OK in 32ms (Views: 15.9ms | ActiveRecord: 0.0ms)


Started GET "/blogs" for 83.141.77.130 at 2016-02-15 20:10:55 +0000
Processing by BlogsController#index as HTML
Completed 500 Internal Server Error in 5ms (ActiveRecord: 0.0ms)

ArgumentError (Range unspecified. Specify the :in, :within, :maximum, :minimum, or :is option.):
  app/models/blog.rb:2:in `<class:Blog>'
  app/models/blog.rb:1:in `<top (required)>'
  app/controllers/blogs_controller.rb:7:in `index'


  Rendered /usr/local/rvm/gems/ruby-2.3.0/gems/web-console-2.0.0.beta3/lib/action_dispatch/templates/rescues/_source.erb (8.0ms)
  Rendered /usr/local/rvm/gems/ruby-2.3.0/gems/web-console-2.0.0.beta3/lib/action_dispatch/templates/rescues/_trace.html.erb (3.4ms)
  Rendered /usr/local/rvm/gems/ruby-2.3.0/gems/web-console-2.0.0.beta3/lib/action_dispatch/templates/rescues/_request_and_response.html.erb (1.9ms)
  Rendered /usr/local/rvm/gems/ruby-2.3.0/gems/web-console-2.0.0.beta3/lib/action_dispatch/templates/rescues/_web_console.html.erb (1.2ms)
  Rendered /usr/local/rvm/gems/ruby-2.3.0/gems/web-console-2.0.0.beta3/lib/action_dispatch/templates/rescues/diagnostics.html.erb within rescues/layout (105.7ms)


Started GET "/" for 83.141.77.130 at 2016-02-15 20:12:13 +0000
  [1m[36mActiveRecord::SchemaMigration Load (0.2ms)[0m  [1mSELECT "schema_migrations".* FROM "schema_migrations"[0m
Processing by Rails::WelcomeController#index as HTML
  Rendered /usr/local/rvm/gems/ruby-2.3.0/gems/railties-4.2.2/lib/rails/templates/rails/welcome/index.html.erb (2.5ms)
Completed 200 OK in 30ms (Views: 14.4ms | ActiveRecord: 0.0ms)


Started GET "/blogs" for 83.141.77.130 at 2016-02-15 20:12:20 +0000
Processing by BlogsController#index as HTML
  [1m[35mBlog Load (0.3ms)[0m  SELECT "blogs".* FROM "blogs"
  Rendered blogs/index.html.erb within layouts/application (7.9ms)
Completed 200 OK in 266ms (Views: 261.9ms | ActiveRecord: 0.9ms)


Started DELETE "/blogs/1" for 83.141.77.130 at 2016-02-15 20:12:25 +0000
Processing by BlogsController#destroy as HTML
  Parameters: {"authenticity_token"=>"d43Ifc1TRXCkC/mGzwg+pq0mnm2Dq0CBHBhZMqAndkrmbuFNWbWQ65PhCjyG7iUIptIAoTttO6N8cdySOD7upg==", "id"=>"1"}
  [1m[36mBlog Load (0.5ms)[0m  [1mSELECT  "blogs".* FROM "blogs" WHERE "blogs"."id" = ? LIMIT 1[0m  [["id", 1]]
  [1m[35m (0.1ms)[0m  begin transaction
  [1m[36mSQL (0.4ms)[0m  [1mDELETE FROM "blogs" WHERE "blogs"."id" = ?[0m  [["id", 1]]
  [1m[35m (8.6ms)[0m  commit transaction
Redirected to https://webframework-dienys.c9users.io/blogs
Completed 302 Found in 68ms (ActiveRecord: 9.6ms)


Started GET "/blogs" for 83.141.77.130 at 2016-02-15 20:12:25 +0000
Processing by BlogsController#index as HTML
  [1m[36mBlog Load (0.3ms)[0m  [1mSELECT "blogs".* FROM "blogs"[0m
  Rendered blogs/index.html.erb within layouts/application (1.3ms)
Completed 200 OK in 36ms (Views: 34.4ms | ActiveRecord: 0.3ms)


Started GET "/blogs/new" for 83.141.77.130 at 2016-02-15 20:12:27 +0000
Processing by BlogsController#new as HTML
  Rendered blogs/_form.html.erb (54.6ms)
  Rendered blogs/new.html.erb within layouts/application (65.7ms)
Completed 200 OK in 109ms (Views: 107.7ms | ActiveRecord: 0.0ms)


Started POST "/blogs" for 83.141.77.130 at 2016-02-15 20:12:32 +0000
Processing by BlogsController#create as HTML
  Parameters: {"utf8"=>"✓", "authenticity_token"=>"6GJvzvoIKwsoayONzeM7bDZ110jQEJbZsGZGZHRbwj95gUb+bu7+kB+B0DeEBSDCPYFJhGjW7fvQD8PE7EJa0w==", "blog"=>{"content"=>"dqzdz", "user_id"=>"2"}, "commit"=>"Create Blog"}
  [1m[35m (0.1ms)[0m  begin transaction
  [1m[36mSQL (0.5ms)[0m  [1mINSERT INTO "blogs" ("content", "user_id", "created_at", "updated_at") VALUES (?, ?, ?, ?)[0m  [["content", "dqzdz"], ["user_id", 2], ["created_at", "2016-02-15 20:12:32.021077"], ["updated_at", "2016-02-15 20:12:32.021077"]]
  [1m[35m (9.5ms)[0m  commit transaction
Redirected to https://webframework-dienys.c9users.io/blogs/2
Completed 302 Found in 19ms (ActiveRecord: 10.1ms)


Started GET "/blogs/2" for 83.141.77.130 at 2016-02-15 20:12:32 +0000
Processing by BlogsController#show as HTML
  Parameters: {"id"=>"2"}
  [1m[36mBlog Load (0.2ms)[0m  [1mSELECT  "blogs".* FROM "blogs" WHERE "blogs"."id" = ? LIMIT 1[0m  [["id", 2]]
  Rendered blogs/show.html.erb within layouts/application (11.8ms)
Completed 200 OK in 76ms (Views: 73.5ms | ActiveRecord: 0.2ms)


Started GET "/blogs/2/edit" for 83.141.77.130 at 2016-02-15 20:12:36 +0000
Processing by BlogsController#edit as HTML
  Parameters: {"id"=>"2"}
  [1m[35mBlog Load (0.2ms)[0m  SELECT  "blogs".* FROM "blogs" WHERE "blogs"."id" = ? LIMIT 1  [["id", 2]]
  Rendered blogs/_form.html.erb (3.4ms)
  Rendered blogs/edit.html.erb within layouts/application (7.8ms)
Completed 200 OK in 71ms (Views: 69.1ms | ActiveRecord: 0.2ms)
  [1m[36mActiveRecord::SchemaMigration Load (0.2ms)[0m  [1mSELECT "schema_migrations".* FROM "schema_migrations"[0m
  [1m[35mActiveRecord::SchemaMigration Load (0.2ms)[0m  SELECT "schema_migrations".* FROM "schema_migrations"


Started GET "/" for 83.141.77.130 at 2016-02-15 20:13:58 +0000
  [1m[36mActiveRecord::SchemaMigration Load (0.1ms)[0m  [1mSELECT "schema_migrations".* FROM "schema_migrations"[0m
Processing by Rails::WelcomeController#index as HTML
  Rendered /usr/local/rvm/gems/ruby-2.3.0/gems/railties-4.2.2/lib/rails/templates/rails/welcome/index.html.erb (2.8ms)
Completed 200 OK in 34ms (Views: 16.3ms | ActiveRecord: 0.0ms)


Started GET "/blogs" for 83.141.77.130 at 2016-02-15 20:14:28 +0000
Processing by BlogsController#index as HTML
  [1m[35mBlog Load (0.2ms)[0m  SELECT "blogs".* FROM "blogs"
  Rendered blogs/index.html.erb within layouts/application (7.5ms)
Completed 200 OK in 314ms (Views: 301.9ms | ActiveRecord: 0.7ms)


Started GET "/blogs/new" for 83.141.77.130 at 2016-02-15 20:14:30 +0000
Processing by BlogsController#new as HTML
  Rendered blogs/_form.html.erb (52.4ms)
  Rendered blogs/new.html.erb within layouts/application (61.8ms)
Completed 200 OK in 101ms (Views: 100.3ms | ActiveRecord: 0.0ms)


Started POST "/blogs" for 83.141.77.130 at 2016-02-15 20:14:36 +0000
Processing by BlogsController#create as HTML
  Parameters: {"utf8"=>"✓", "authenticity_token"=>"Vk7a9aqhuFR7i3otyp/pcjUTdHw6sya6SXpdxCYhsMTHrfPFPkdtz0xhiZeDefLcPufqsIJ1XZgpE9hkvjgoKA==", "blog"=>{"content"=>"fr", "user_id"=>"1"}, "commit"=>"Create Blog"}
  [1m[36m (0.1ms)[0m  [1mbegin transaction[0m
  [1m[35mSQL (0.6ms)[0m  INSERT INTO "blogs" ("content", "user_id", "created_at", "updated_at") VALUES (?, ?, ?, ?)  [["content", "fr"], ["user_id", 1], ["created_at", "2016-02-15 20:14:36.224247"], ["updated_at", "2016-02-15 20:14:36.224247"]]
  [1m[36m (9.3ms)[0m  [1mcommit transaction[0m
Redirected to https://webframework-dienys.c9users.io/blogs/3
Completed 302 Found in 20ms (ActiveRecord: 10.0ms)


Started GET "/blogs/3" for 83.141.77.130 at 2016-02-15 20:14:36 +0000
Processing by BlogsController#show as HTML
  Parameters: {"id"=>"3"}
  [1m[35mBlog Load (0.4ms)[0m  SELECT  "blogs".* FROM "blogs" WHERE "blogs"."id" = ? LIMIT 1  [["id", 3]]
  Rendered blogs/show.html.erb within layouts/application (1.4ms)
Completed 200 OK in 89ms (Views: 73.4ms | ActiveRecord: 0.4ms)


Started GET "/" for 83.141.77.130 at 2016-02-15 20:16:17 +0000
  [1m[36mActiveRecord::SchemaMigration Load (0.2ms)[0m  [1mSELECT "schema_migrations".* FROM "schema_migrations"[0m
Processing by Rails::WelcomeController#index as HTML
  Rendered /usr/local/rvm/gems/ruby-2.3.0/gems/railties-4.2.2/lib/rails/templates/rails/welcome/index.html.erb (3.7ms)
Completed 200 OK in 34ms (Views: 17.2ms | ActiveRecord: 0.0ms)


Started GET "/blogs" for 83.141.77.130 at 2016-02-15 20:16:22 +0000
Processing by BlogsController#index as HTML
  [1m[35mBlog Load (0.3ms)[0m  SELECT "blogs".* FROM "blogs"
  Rendered blogs/index.html.erb within layouts/application (7.4ms)
Completed 200 OK in 240ms (Views: 230.8ms | ActiveRecord: 0.8ms)


Started GET "/blogs" for 83.141.77.130 at 2016-02-15 20:16:24 +0000
Processing by BlogsController#index as HTML
  [1m[36mBlog Load (0.4ms)[0m  [1mSELECT "blogs".* FROM "blogs"[0m
  Rendered blogs/index.html.erb within layouts/application (2.1ms)
Completed 200 OK in 69ms (Views: 67.9ms | ActiveRecord: 0.4ms)


Started GET "/blogs/new" for 83.141.77.130 at 2016-02-15 20:16:26 +0000
Processing by BlogsController#new as HTML
  Rendered blogs/_form.html.erb (52.4ms)
  Rendered blogs/new.html.erb within layouts/application (63.8ms)
Completed 200 OK in 110ms (Views: 108.7ms | ActiveRecord: 0.0ms)


Started POST "/blogs" for 83.141.77.130 at 2016-02-15 20:16:30 +0000
Processing by BlogsController#create as HTML
  Parameters: {"utf8"=>"✓", "authenticity_token"=>"agNIEKXHbrH6g5V9V1tqfEhV9QepvM6GHj0GFHjmW+r74GEgMSG7Ks1pZscevXHSQ6FryxF6taR+VIO04P/DBg==", "blog"=>{"content"=>"edaze", "user_id"=>"3"}, "commit"=>"Create Blog"}
  [1m[35m (0.1ms)[0m  begin transaction
  [1m[36mSQL (0.6ms)[0m  [1mINSERT INTO "blogs" ("content", "user_id", "created_at", "updated_at") VALUES (?, ?, ?, ?)[0m  [["content", "edaze"], ["user_id", 3], ["created_at", "2016-02-15 20:16:30.783251"], ["updated_at", "2016-02-15 20:16:30.783251"]]
  [1m[35m (10.6ms)[0m  commit transaction
Redirected to https://webframework-dienys.c9users.io/blogs/4
Completed 302 Found in 42ms (ActiveRecord: 11.4ms)


Started GET "/blogs/4" for 83.141.77.130 at 2016-02-15 20:16:30 +0000
Processing by BlogsController#show as HTML
  Parameters: {"id"=>"4"}
  [1m[36mBlog Load (0.4ms)[0m  [1mSELECT  "blogs".* FROM "blogs" WHERE "blogs"."id" = ? LIMIT 1[0m  [["id", 4]]
  Rendered blogs/show.html.erb within layouts/application (2.3ms)
Completed 200 OK in 103ms (Views: 81.0ms | ActiveRecord: 0.4ms)


Started GET "/" for 2001:4d68:200e:1221:4dcf:5402:7a1a:97a at 2016-02-15 20:19:51 +0000
  [1m[36mActiveRecord::SchemaMigration Load (0.2ms)[0m  [1mSELECT "schema_migrations".* FROM "schema_migrations"[0m
Processing by Rails::WelcomeController#index as HTML
  Rendered /usr/local/rvm/gems/ruby-2.3.0/gems/railties-4.2.2/lib/rails/templates/rails/welcome/index.html.erb (6.2ms)
Completed 200 OK in 47ms (Views: 20.7ms | ActiveRecord: 0.0ms)


Started GET "/blogs" for 2001:4d68:200e:1221:4dcf:5402:7a1a:97a at 2016-02-15 20:19:57 +0000
Processing by BlogsController#index as HTML
  [1m[35mBlog Load (0.2ms)[0m  SELECT "blogs".* FROM "blogs"
  Rendered blogs/index.html.erb within layouts/application (8.3ms)
Completed 200 OK in 269ms (Views: 253.3ms | ActiveRecord: 0.7ms)


Started GET "/assets/blogs.self-e3b0c44298fc1c149afbf4c8996fb92427ae41e4649b934ca495991b7852b855.css?body=1" for 2001:4d68:200e:1221:4dcf:5402:7a1a:97a at 2016-02-15 20:19:58 +0000


Started GET "/assets/blogs.self-877aef30ae1b040ab8a3aba4e3e309a11d7f2612f44dde450b5c157aa5f95c05.js?body=1" for 2001:4d68:200e:1221:4dcf:5402:7a1a:97a at 2016-02-15 20:19:58 +0000


Started GET "/blogs/new" for 2001:4d68:200e:1221:4dcf:5402:7a1a:97a at 2016-02-15 20:20:00 +0000
Processing by BlogsController#new as HTML
  Rendered blogs/_form.html.erb (68.5ms)
  Rendered blogs/new.html.erb within layouts/application (80.7ms)
Completed 200 OK in 135ms (Views: 133.8ms | ActiveRecord: 0.0ms)


Started POST "/blogs" for 2001:4d68:200e:1221:4dcf:5402:7a1a:97a at 2016-02-15 20:20:05 +0000
Processing by BlogsController#create as HTML
  Parameters: {"utf8"=>"✓", "authenticity_token"=>"bim12T3yukOSS4duh15NSzgq7ZyCTiXE7sEXAnSBJSz/ypzpqRRv2KWhdNTOuFblM95zUDqIXuaOqJKi7Ji9wA==", "blog"=>{"content"=>"dzed", "user_id"=>"6"}, "commit"=>"Create Blog"}
  [1m[36m (0.1ms)[0m  [1mbegin transaction[0m
  [1m[35mSQL (0.5ms)[0m  INSERT INTO "blogs" ("content", "user_id", "created_at", "updated_at") VALUES (?, ?, ?, ?)  [["content", "dzed"], ["user_id", 6], ["created_at", "2016-02-15 20:20:05.098473"], ["updated_at", "2016-02-15 20:20:05.098473"]]
  [1m[36m (9.6ms)[0m  [1mcommit transaction[0m
Redirected to http://webframework-dienys.c9users.io:8080/blogs/5
Completed 302 Found in 21ms (ActiveRecord: 10.3ms)


Started GET "/blogs/5" for 2001:4d68:200e:1221:4dcf:5402:7a1a:97a at 2016-02-15 20:20:05 +0000
Processing by BlogsController#show as HTML
  Parameters: {"id"=>"5"}
  [1m[35mBlog Load (0.4ms)[0m  SELECT  "blogs".* FROM "blogs" WHERE "blogs"."id" = ? LIMIT 1  [["id", 5]]
  Rendered blogs/show.html.erb within layouts/application (1.0ms)
Completed 200 OK in 92ms (Views: 71.9ms | ActiveRecord: 0.4ms)
  [1m[36mActiveRecord::SchemaMigration Load (0.3ms)[0m  [1mSELECT "schema_migrations".* FROM "schema_migrations"[0m
  [1m[35mActiveRecord::SchemaMigration Load (0.2ms)[0m  SELECT "schema_migrations".* FROM "schema_migrations"


Started GET "/" for 83.141.77.130 at 2016-02-15 20:21:56 +0000
  [1m[36mActiveRecord::SchemaMigration Load (0.2ms)[0m  [1mSELECT "schema_migrations".* FROM "schema_migrations"[0m
Processing by Rails::WelcomeController#index as HTML
  Rendered /usr/local/rvm/gems/ruby-2.3.0/gems/railties-4.2.2/lib/rails/templates/rails/welcome/index.html.erb (3.3ms)
Completed 200 OK in 40ms (Views: 21.4ms | ActiveRecord: 0.0ms)


Started GET "/blogs" for 83.141.77.130 at 2016-02-15 20:22:00 +0000
Processing by BlogsController#index as HTML
  [1m[35mBlog Load (0.3ms)[0m  SELECT "blogs".* FROM "blogs"
  Rendered blogs/index.html.erb within layouts/application (14.8ms)
Completed 200 OK in 362ms (Views: 346.0ms | ActiveRecord: 3.4ms)


Started GET "/blogs" for 83.141.77.130 at 2016-02-15 20:22:02 +0000
Processing by BlogsController#index as HTML
  [1m[36mBlog Load (0.3ms)[0m  [1mSELECT "blogs".* FROM "blogs"[0m
  Rendered blogs/index.html.erb within layouts/application (2.6ms)
Completed 200 OK in 53ms (Views: 51.8ms | ActiveRecord: 0.3ms)


Started DELETE "/blogs/2" for 83.141.77.130 at 2016-02-15 20:22:06 +0000
Processing by BlogsController#destroy as HTML
  Parameters: {"authenticity_token"=>"qwlMKBcgnHnx33KBcHENBfIp+VUSARQyMCKfP+a4sLY66mUYg8ZJ4sY1gTs5lxar+d1nmarHbxBQSxqffqEoWg==", "id"=>"2"}
  [1m[35mBlog Load (0.4ms)[0m  SELECT  "blogs".* FROM "blogs" WHERE "blogs"."id" = ? LIMIT 1  [["id", 2]]
  [1m[36m (0.1ms)[0m  [1mbegin transaction[0m
  [1m[35mSQL (0.4ms)[0m  DELETE FROM "blogs" WHERE "blogs"."id" = ?  [["id", 2]]
  [1m[36m (14.5ms)[0m  [1mcommit transaction[0m
Redirected to https://webframework-dienys.c9users.io/blogs
Completed 302 Found in 46ms (ActiveRecord: 15.3ms)


Started GET "/blogs" for 83.141.77.130 at 2016-02-15 20:22:06 +0000
Processing by BlogsController#index as HTML
  [1m[35mBlog Load (0.3ms)[0m  SELECT "blogs".* FROM "blogs"
  Rendered blogs/index.html.erb within layouts/application (2.4ms)
Completed 200 OK in 41ms (Views: 39.1ms | ActiveRecord: 0.3ms)


Started DELETE "/blogs/3" for 83.141.77.130 at 2016-02-15 20:22:08 +0000
Processing by BlogsController#destroy as HTML
  Parameters: {"authenticity_token"=>"xaVcM/ZcssFwGTEu32iL+kMGWKEb4ltWXr6YEkC/PfJURnUDYrpnWkfzwpSWjpBUSPLGbaMkIHQ+1x2y2KalHg==", "id"=>"3"}
  [1m[36mBlog Load (0.2ms)[0m  [1mSELECT  "blogs".* FROM "blogs" WHERE "blogs"."id" = ? LIMIT 1[0m  [["id", 3]]
  [1m[35m (0.1ms)[0m  begin transaction
  [1m[36mSQL (0.3ms)[0m  [1mDELETE FROM "blogs" WHERE "blogs"."id" = ?[0m  [["id", 3]]
  [1m[35m (10.5ms)[0m  commit transaction
Redirected to https://webframework-dienys.c9users.io/blogs
Completed 302 Found in 14ms (ActiveRecord: 11.1ms)


Started GET "/blogs" for 83.141.77.130 at 2016-02-15 20:22:08 +0000
Processing by BlogsController#index as HTML
  [1m[36mBlog Load (0.3ms)[0m  [1mSELECT "blogs".* FROM "blogs"[0m
  Rendered blogs/index.html.erb within layouts/application (3.8ms)
Completed 200 OK in 83ms (Views: 80.3ms | ActiveRecord: 0.3ms)


Started DELETE "/blogs/4" for 83.141.77.130 at 2016-02-15 20:22:10 +0000
Processing by BlogsController#destroy as HTML
  Parameters: {"authenticity_token"=>"KdNC/6pI1oIWGzehyHOmxNqhcctopBydb1TK+G744ju4MGvPPq4DGSHxxBuBlb1q0VXvB9BiZ78PPU9Y9uF61w==", "id"=>"4"}
  [1m[35mBlog Load (0.2ms)[0m  SELECT  "blogs".* FROM "blogs" WHERE "blogs"."id" = ? LIMIT 1  [["id", 4]]
  [1m[36m (0.1ms)[0m  [1mbegin transaction[0m
  [1m[35mSQL (0.2ms)[0m  DELETE FROM "blogs" WHERE "blogs"."id" = ?  [["id", 4]]
  [1m[36m (10.4ms)[0m  [1mcommit transaction[0m
Redirected to https://webframework-dienys.c9users.io/blogs
Completed 302 Found in 15ms (ActiveRecord: 10.9ms)


Started GET "/blogs" for 83.141.77.130 at 2016-02-15 20:22:10 +0000
Processing by BlogsController#index as HTML
  [1m[35mBlog Load (0.3ms)[0m  SELECT "blogs".* FROM "blogs"
  Rendered blogs/index.html.erb within layouts/application (2.7ms)
Completed 200 OK in 73ms (Views: 71.1ms | ActiveRecord: 0.3ms)


Started DELETE "/blogs/5" for 83.141.77.130 at 2016-02-15 20:22:12 +0000
Processing by BlogsController#destroy as HTML
  Parameters: {"authenticity_token"=>"mNUKkb952D9iYTAcxqmC84Nz2eyzl1THmEDcyof102EJNiOhK58NpFWLw6aPT5ldiIdHIAtRL+X4KVlqH+xLjQ==", "id"=>"5"}
  [1m[36mBlog Load (0.4ms)[0m  [1mSELECT  "blogs".* FROM "blogs" WHERE "blogs"."id" = ? LIMIT 1[0m  [["id", 5]]
  [1m[35m (0.1ms)[0m  begin transaction
  [1m[36mSQL (0.4ms)[0m  [1mDELETE FROM "blogs" WHERE "blogs"."id" = ?[0m  [["id", 5]]
  [1m[35m (10.2ms)[0m  commit transaction
Redirected to https://webframework-dienys.c9users.io/blogs
Completed 302 Found in 18ms (ActiveRecord: 11.1ms)


Started GET "/blogs" for 83.141.77.130 at 2016-02-15 20:22:12 +0000
Processing by BlogsController#index as HTML
  [1m[36mBlog Load (0.2ms)[0m  [1mSELECT "blogs".* FROM "blogs"[0m
  Rendered blogs/index.html.erb within layouts/application (0.8ms)
Completed 200 OK in 53ms (Views: 51.6ms | ActiveRecord: 0.2ms)


Started GET "/blogs/new" for 83.141.77.130 at 2016-02-15 20:22:14 +0000
Processing by BlogsController#new as HTML
  Rendered blogs/_form.html.erb (54.1ms)
  Rendered blogs/new.html.erb within layouts/application (64.2ms)
Completed 200 OK in 110ms (Views: 109.1ms | ActiveRecord: 0.0ms)


Started POST "/blogs" for 83.141.77.130 at 2016-02-15 20:22:17 +0000
Processing by BlogsController#create as HTML
  Parameters: {"utf8"=>"✓", "authenticity_token"=>"l0xh4HxfKJ6NxEpWF7MOegQufOE/4oGPOSCalv1wNd4Gr0jQ6Ln9BbouuexeVRXUD9riLYck+q1ZSR82ZWmtMg==", "blog"=>{"content"=>"dx", "user_id"=>"9"}, "commit"=>"Create Blog"}
  [1m[35m (0.1ms)[0m  begin transaction
  [1m[36mSQL (0.5ms)[0m  [1mINSERT INTO "blogs" ("content", "user_id", "created_at", "updated_at") VALUES (?, ?, ?, ?)[0m  [["content", "dx"], ["user_id", 9], ["created_at", "2016-02-15 20:22:17.873981"], ["updated_at", "2016-02-15 20:22:17.873981"]]
  [1m[35m (6.4ms)[0m  commit transaction
Redirected to https://webframework-dienys.c9users.io/blogs/6
Completed 302 Found in 12ms (ActiveRecord: 7.1ms)


Started GET "/blogs/6" for 83.141.77.130 at 2016-02-15 20:22:18 +0000
Processing by BlogsController#show as HTML
  Parameters: {"id"=>"6"}
  [1m[36mBlog Load (0.2ms)[0m  [1mSELECT  "blogs".* FROM "blogs" WHERE "blogs"."id" = ? LIMIT 1[0m  [["id", 6]]
  Rendered blogs/show.html.erb within layouts/application (1.1ms)
Completed 200 OK in 45ms (Views: 43.3ms | ActiveRecord: 0.2ms)


Started GET "/blogs" for 83.141.77.130 at 2016-02-15 20:22:27 +0000
Processing by BlogsController#index as HTML
  [1m[35mBlog Load (0.2ms)[0m  SELECT "blogs".* FROM "blogs"
  Rendered blogs/index.html.erb within layouts/application (1.9ms)
Completed 200 OK in 38ms (Views: 37.1ms | ActiveRecord: 0.2ms)


Started GET "/blogs/new" for 83.141.77.130 at 2016-02-15 20:22:29 +0000
Processing by BlogsController#new as HTML
  Rendered blogs/_form.html.erb (1.9ms)
  Rendered blogs/new.html.erb within layouts/application (5.3ms)
Completed 200 OK in 42ms (Views: 41.0ms | ActiveRecord: 0.0ms)


Started POST "/blogs" for 83.141.77.130 at 2016-02-15 20:22:35 +0000
Processing by BlogsController#create as HTML
  Parameters: {"utf8"=>"✓", "authenticity_token"=>"a/NeKac7T4Vj5LT5qz5zXUEJco6YLIDfMeZzrfEL1FD6EHcZM92aHlQOR0Pi2GjzSv3sQiDq+/1Rj/YNaRJMvA==", "blog"=>{"content"=>"<10", "user_id"=>"1"}, "commit"=>"Create Blog"}
  [1m[36m (0.1ms)[0m  [1mbegin transaction[0m
  [1m[35mSQL (0.4ms)[0m  INSERT INTO "blogs" ("content", "user_id", "created_at", "updated_at") VALUES (?, ?, ?, ?)  [["content", "<10"], ["user_id", 1], ["created_at", "2016-02-15 20:22:35.505799"], ["updated_at", "2016-02-15 20:22:35.505799"]]
  [1m[36m (21.3ms)[0m  [1mcommit transaction[0m
Redirected to https://webframework-dienys.c9users.io/blogs/7
Completed 302 Found in 26ms (ActiveRecord: 21.8ms)


Started GET "/blogs/7" for 83.141.77.130 at 2016-02-15 20:22:35 +0000
Processing by BlogsController#show as HTML
  Parameters: {"id"=>"7"}
  [1m[35mBlog Load (0.3ms)[0m  SELECT  "blogs".* FROM "blogs" WHERE "blogs"."id" = ? LIMIT 1  [["id", 7]]
  Rendered blogs/show.html.erb within layouts/application (0.8ms)
Completed 200 OK in 41ms (Views: 39.3ms | ActiveRecord: 0.3ms)


Started GET "/blogs/7" for 83.141.77.130 at 2016-02-15 20:23:45 +0000
Processing by BlogsController#show as HTML
  Parameters: {"id"=>"7"}
  [1m[36mBlog Load (0.3ms)[0m  [1mSELECT  "blogs".* FROM "blogs" WHERE "blogs"."id" = ? LIMIT 1[0m  [["id", 7]]
  Rendered blogs/show.html.erb within layouts/application (0.6ms)
Completed 200 OK in 54ms (Views: 42.7ms | ActiveRecord: 1.3ms)


Started GET "/assets/users.self-e3b0c44298fc1c149afbf4c8996fb92427ae41e4649b934ca495991b7852b855.css?body=1" for 83.141.77.130 at 2016-02-15 20:23:45 +0000


Started GET "/assets/blogs.self-e3b0c44298fc1c149afbf4c8996fb92427ae41e4649b934ca495991b7852b855.css?body=1" for 83.141.77.130 at 2016-02-15 20:23:45 +0000


Started GET "/assets/scaffolds.self-4cddaedbf50798da0e71083f0a70389982ef2881f80ea4d0046fd7ec9a64731f.css?body=1" for 83.141.77.130 at 2016-02-15 20:23:45 +0000


Started GET "/assets/jquery_ujs.self-8e98a7a072a6cee1372d19fff9ff3e6aa1e39a37d89d6f06861637d061113ee7.js?body=1" for 83.141.77.130 at 2016-02-15 20:23:45 +0000


Started GET "/assets/application.self-e80e8f2318043e8af94dddc2adad5a4f09739a8ebb323b3ab31cd71d45fd9113.css?body=1" for 83.141.77.130 at 2016-02-15 20:23:45 +0000


Started GET "/assets/jquery.self-d03a5518f45df77341bdbe6201ba3bfa547ebba8ed64f0ea56bfa5f96ea7c074.js?body=1" for 83.141.77.130 at 2016-02-15 20:23:45 +0000


Started GET "/assets/turbolinks.self-c846e670826600e8c91b1a5ada3e6547110d996cd6ff24cde55024f7a135a1b4.js?body=1" for 83.141.77.130 at 2016-02-15 20:23:45 +0000


Started GET "/assets/users.self-877aef30ae1b040ab8a3aba4e3e309a11d7f2612f44dde450b5c157aa5f95c05.js?body=1" for 83.141.77.130 at 2016-02-15 20:23:45 +0000


Started GET "/assets/blogs.self-877aef30ae1b040ab8a3aba4e3e309a11d7f2612f44dde450b5c157aa5f95c05.js?body=1" for 83.141.77.130 at 2016-02-15 20:23:45 +0000


Started GET "/assets/application.self-3b8dabdc891efe46b9a144b400ad69e37d7e5876bdc39dee783419a69d7ca819.js?body=1" for 83.141.77.130 at 2016-02-15 20:23:45 +0000


Started GET "/blogs/7/edit" for 83.141.77.130 at 2016-02-15 20:23:49 +0000
Processing by BlogsController#edit as HTML
  Parameters: {"id"=>"7"}
  [1m[35mBlog Load (0.2ms)[0m  SELECT  "blogs".* FROM "blogs" WHERE "blogs"."id" = ? LIMIT 1  [["id", 7]]
  Rendered blogs/_form.html.erb (2.5ms)
  Rendered blogs/edit.html.erb within layouts/application (6.5ms)
Completed 200 OK in 44ms (Views: 42.4ms | ActiveRecord: 0.2ms)


Started PATCH "/blogs/7" for 83.141.77.130 at 2016-02-15 20:23:52 +0000
Processing by BlogsController#update as HTML
  Parameters: {"utf8"=>"✓", "authenticity_token"=>"6SU0TpGidkTji3Y0B4lvCBbHeoFTWXSIQEO/UMx5J0R4xh1+BUSj39RhhY5Ob3SmHTPkTeufD6ogKjrwVGC/qA==", "blog"=>{"content"=>"<10", "user_id"=>"1"}, "commit"=>"Update Blog", "id"=>"7"}
  [1m[36mBlog Load (0.2ms)[0m  [1mSELECT  "blogs".* FROM "blogs" WHERE "blogs"."id" = ? LIMIT 1[0m  [["id", 7]]
  [1m[35m (0.2ms)[0m  begin transaction
  [1m[36m (0.1ms)[0m  [1mcommit transaction[0m
Redirected to https://webframework-dienys.c9users.io/blogs/7
Completed 302 Found in 5ms (ActiveRecord: 0.4ms)


Started GET "/blogs/7" for 83.141.77.130 at 2016-02-15 20:23:52 +0000
Processing by BlogsController#show as HTML
  Parameters: {"id"=>"7"}
  [1m[35mBlog Load (0.2ms)[0m  SELECT  "blogs".* FROM "blogs" WHERE "blogs"."id" = ? LIMIT 1  [["id", 7]]
  Rendered blogs/show.html.erb within layouts/application (0.4ms)
Completed 200 OK in 36ms (Views: 34.7ms | ActiveRecord: 0.2ms)


Started GET "/blogs" for 83.141.77.130 at 2016-02-15 20:23:54 +0000
Processing by BlogsController#index as HTML
  [1m[36mBlog Load (0.3ms)[0m  [1mSELECT "blogs".* FROM "blogs"[0m
  Rendered blogs/index.html.erb within layouts/application (3.0ms)
Completed 200 OK in 42ms (Views: 41.1ms | ActiveRecord: 0.3ms)


Started GET "/" for 83.141.77.130 at 2016-02-15 20:25:32 +0000
  [1m[36mActiveRecord::SchemaMigration Load (0.2ms)[0m  [1mSELECT "schema_migrations".* FROM "schema_migrations"[0m
Processing by Rails::WelcomeController#index as HTML
  Rendered /usr/local/rvm/gems/ruby-2.3.0/gems/railties-4.2.2/lib/rails/templates/rails/welcome/index.html.erb (3.3ms)
Completed 200 OK in 33ms (Views: 16.3ms | ActiveRecord: 0.0ms)


Started GET "/blogs" for 83.141.77.130 at 2016-02-15 20:25:36 +0000
Processing by BlogsController#index as HTML
  [1m[35mBlog Load (0.4ms)[0m  SELECT "blogs".* FROM "blogs"
  Rendered blogs/index.html.erb within layouts/application (7.9ms)
Completed 200 OK in 283ms (Views: 272.3ms | ActiveRecord: 1.0ms)


Started GET "/blogs" for 83.141.77.130 at 2016-02-15 20:25:37 +0000
Processing by BlogsController#index as HTML
  [1m[36mBlog Load (0.3ms)[0m  [1mSELECT "blogs".* FROM "blogs"[0m
  Rendered blogs/index.html.erb within layouts/application (2.0ms)
Completed 200 OK in 216ms (Views: 214.6ms | ActiveRecord: 0.3ms)


Started GET "/blogs/new" for 83.141.77.130 at 2016-02-15 20:25:38 +0000
Processing by BlogsController#new as HTML
  Rendered blogs/_form.html.erb (50.5ms)
  Rendered blogs/new.html.erb within layouts/application (60.4ms)
Completed 200 OK in 107ms (Views: 106.4ms | ActiveRecord: 0.0ms)


Started POST "/blogs" for 83.141.77.130 at 2016-02-15 20:25:41 +0000
Processing by BlogsController#create as HTML
  Parameters: {"utf8"=>"✓", "authenticity_token"=>"7eocs2t4u9qTuWG7TozxMKSHcFArOu+JoJv3OWhgxK58CTWD/55uQaRTkgEHauqer3PunJP8lKvA8nKZ8HlcQg==", "blog"=>{"content"=>"dz", "user_id"=>"1"}, "commit"=>"Create Blog"}
  [1m[35m (0.2ms)[0m  begin transaction
  [1m[36mSQL (0.7ms)[0m  [1mINSERT INTO "blogs" ("content", "user_id", "created_at", "updated_at") VALUES (?, ?, ?, ?)[0m  [["content", "dz"], ["user_id", 1], ["created_at", "2016-02-15 20:25:41.481773"], ["updated_at", "2016-02-15 20:25:41.481773"]]
  [1m[35m (9.8ms)[0m  commit transaction
Redirected to https://webframework-dienys.c9users.io/blogs/8
Completed 302 Found in 101ms (ActiveRecord: 10.6ms)


Started GET "/blogs/8" for 83.141.77.130 at 2016-02-15 20:25:41 +0000
Processing by BlogsController#show as HTML
  Parameters: {"id"=>"8"}
  [1m[36mBlog Load (0.9ms)[0m  [1mSELECT  "blogs".* FROM "blogs" WHERE "blogs"."id" = ? LIMIT 1[0m  [["id", 8]]
  Rendered blogs/show.html.erb within layouts/application (1.4ms)
Completed 200 OK in 90ms (Views: 72.7ms | ActiveRecord: 0.9ms)
  [1m[36mActiveRecord::SchemaMigration Load (0.2ms)[0m  [1mSELECT "schema_migrations".* FROM "schema_migrations"[0m
  [1m[35mActiveRecord::SchemaMigration Load (0.2ms)[0m  SELECT "schema_migrations".* FROM "schema_migrations"


Started GET "/" for 83.141.77.130 at 2016-02-15 20:28:20 +0000
  [1m[36mActiveRecord::SchemaMigration Load (0.2ms)[0m  [1mSELECT "schema_migrations".* FROM "schema_migrations"[0m
Processing by Rails::WelcomeController#index as HTML
  Rendered /usr/local/rvm/gems/ruby-2.3.0/gems/railties-4.2.2/lib/rails/templates/rails/welcome/index.html.erb (3.2ms)
Completed 200 OK in 33ms (Views: 17.0ms | ActiveRecord: 0.0ms)


Started GET "/blogs" for 83.141.77.130 at 2016-02-15 20:28:25 +0000
Processing by BlogsController#index as HTML
  [1m[35mBlog Load (0.5ms)[0m  SELECT "blogs".* FROM "blogs"
  Rendered blogs/index.html.erb within layouts/application (8.7ms)
Completed 200 OK in 279ms (Views: 266.1ms | ActiveRecord: 1.0ms)


Started GET "/blogs" for 83.141.77.130 at 2016-02-15 20:28:26 +0000
Processing by BlogsController#index as HTML
  [1m[36mBlog Load (0.3ms)[0m  [1mSELECT "blogs".* FROM "blogs"[0m
  Rendered blogs/index.html.erb within layouts/application (2.0ms)
Completed 200 OK in 69ms (Views: 67.8ms | ActiveRecord: 0.3ms)


Started GET "/blogs/new" for 83.141.77.130 at 2016-02-15 20:28:28 +0000
Processing by BlogsController#new as HTML
  Rendered blogs/_form.html.erb (39.5ms)
  Rendered blogs/new.html.erb within layouts/application (50.3ms)
Completed 200 OK in 105ms (Views: 103.7ms | ActiveRecord: 0.0ms)


Started POST "/blogs" for 83.141.77.130 at 2016-02-15 20:28:35 +0000
Processing by BlogsController#create as HTML
  Parameters: {"utf8"=>"✓", "authenticity_token"=>"nXJnH6qzzzTiaf8Lw+TzqZfGqr1NDz1yKWW9treMp9QMkU4vPlUar9WDDLGKAugHnDI0cfXJRlBJDDgWL5U/OA==", "blog"=>{"content"=>"1", "user_id"=>"5"}, "commit"=>"Create Blog"}
  [1m[35m (0.1ms)[0m  begin transaction
  [1m[36mSQL (0.5ms)[0m  [1mINSERT INTO "blogs" ("content", "user_id", "created_at", "updated_at") VALUES (?, ?, ?, ?)[0m  [["content", "1"], ["user_id", 5], ["created_at", "2016-02-15 20:28:35.162724"], ["updated_at", "2016-02-15 20:28:35.162724"]]
  [1m[35m (9.0ms)[0m  commit transaction
Redirected to https://webframework-dienys.c9users.io/blogs/9
Completed 302 Found in 26ms (ActiveRecord: 9.7ms)


Started GET "/blogs/9" for 83.141.77.130 at 2016-02-15 20:28:35 +0000
Processing by BlogsController#show as HTML
  Parameters: {"id"=>"9"}
  [1m[36mBlog Load (0.4ms)[0m  [1mSELECT  "blogs".* FROM "blogs" WHERE "blogs"."id" = ? LIMIT 1[0m  [["id", 9]]
  Rendered blogs/show.html.erb within layouts/application (2.2ms)
Completed 200 OK in 106ms (Views: 80.0ms | ActiveRecord: 0.4ms)


Started GET "/" for 83.141.77.130 at 2016-02-15 20:30:41 +0000
  [1m[36mActiveRecord::SchemaMigration Load (0.2ms)[0m  [1mSELECT "schema_migrations".* FROM "schema_migrations"[0m
Processing by Rails::WelcomeController#index as HTML
  Rendered /usr/local/rvm/gems/ruby-2.3.0/gems/railties-4.2.2/lib/rails/templates/rails/welcome/index.html.erb (4.8ms)
Completed 200 OK in 45ms (Views: 23.7ms | ActiveRecord: 0.0ms)


Started GET "/blogs" for 83.141.77.130 at 2016-02-15 20:30:46 +0000
Processing by BlogsController#index as HTML
  [1m[35mBlog Load (0.2ms)[0m  SELECT "blogs".* FROM "blogs"
  Rendered blogs/index.html.erb within layouts/application (10.3ms)
Completed 200 OK in 299ms (Views: 281.7ms | ActiveRecord: 0.9ms)


Started GET "/blogs" for 83.141.77.130 at 2016-02-15 20:30:47 +0000
Processing by BlogsController#index as HTML
  [1m[36mBlog Load (0.3ms)[0m  [1mSELECT "blogs".* FROM "blogs"[0m
  Rendered blogs/index.html.erb within layouts/application (2.7ms)
Completed 200 OK in 76ms (Views: 74.9ms | ActiveRecord: 0.3ms)


Started GET "/blogs/new" for 83.141.77.130 at 2016-02-15 20:30:48 +0000
Processing by BlogsController#new as HTML
  Rendered blogs/_form.html.erb (55.1ms)
  Rendered blogs/new.html.erb within layouts/application (65.5ms)
Completed 200 OK in 115ms (Views: 112.1ms | ActiveRecord: 0.0ms)


Started POST "/blogs" for 83.141.77.130 at 2016-02-15 20:30:58 +0000
Processing by BlogsController#create as HTML
  Parameters: {"utf8"=>"✓", "authenticity_token"=>"MoJ+pg/EdNUbd5cJVBzVG1cPdlWhRFWaCPyAHnK00HmjYVeWmyKhTiydZLMd+s61XPvomRmCLrholQW+6q1IlQ==", "blog"=>{"content"=>"xqsxx", "user_id"=>"1"}, "commit"=>"Create Blog"}
  [1m[35m (0.1ms)[0m  begin transaction
  [1m[36m (0.1ms)[0m  [1mrollback transaction[0m
  Rendered blogs/_form.html.erb (9.8ms)
  Rendered blogs/new.html.erb within layouts/application (15.3ms)
Completed 200 OK in 94ms (Views: 90.0ms | ActiveRecord: 0.2ms)
  [1m[36mUser Load (0.2ms)[0m  [1mSELECT  "users".* FROM "users"  ORDER BY "users"."id" ASC LIMIT 1[0m


Started GET "/" for 83.141.77.130 at 2016-02-15 20:35:50 +0000
  [1m[36mActiveRecord::SchemaMigration Load (0.1ms)[0m  [1mSELECT "schema_migrations".* FROM "schema_migrations"[0m
Processing by Rails::WelcomeController#index as HTML
  Rendered /usr/local/rvm/gems/ruby-2.3.0/gems/railties-4.2.2/lib/rails/templates/rails/welcome/index.html.erb (4.1ms)
Completed 200 OK in 43ms (Views: 23.4ms | ActiveRecord: 0.0ms)


Started GET "/blogs" for 83.141.77.130 at 2016-02-15 20:35:53 +0000
Processing by BlogsController#index as HTML
  [1m[35mBlog Load (0.3ms)[0m  SELECT "blogs".* FROM "blogs"
  Rendered blogs/index.html.erb within layouts/application (10.0ms)
Completed 200 OK in 271ms (Views: 260.5ms | ActiveRecord: 1.0ms)


Started GET "/user" for 83.141.77.130 at 2016-02-15 20:35:56 +0000

ActionController::RoutingError (No route matches [GET] "/user"):
  web-console (2.0.0.beta3) lib/action_dispatch/debug_exceptions.rb:22:in `middleware_call'
  web-console (2.0.0.beta3) lib/action_dispatch/debug_exceptions.rb:13:in `call'
  actionpack (4.2.2) lib/action_dispatch/middleware/show_exceptions.rb:30:in `call'
  railties (4.2.2) lib/rails/rack/logger.rb:38:in `call_app'
  railties (4.2.2) lib/rails/rack/logger.rb:20:in `block in call'
  activesupport (4.2.2) lib/active_support/tagged_logging.rb:68:in `block in tagged'
  activesupport (4.2.2) lib/active_support/tagged_logging.rb:26:in `tagged'
  activesupport (4.2.2) lib/active_support/tagged_logging.rb:68:in `tagged'
  railties (4.2.2) lib/rails/rack/logger.rb:20:in `call'
  actionpack (4.2.2) lib/action_dispatch/middleware/request_id.rb:21:in `call'
  rack (1.6.4) lib/rack/methodoverride.rb:22:in `call'
  rack (1.6.4) lib/rack/runtime.rb:18:in `call'
  activesupport (4.2.2) lib/active_support/cache/strategy/local_cache_middleware.rb:28:in `call'
  rack (1.6.4) lib/rack/lock.rb:17:in `call'
  actionpack (4.2.2) lib/action_dispatch/middleware/static.rb:113:in `call'
  rack (1.6.4) lib/rack/sendfile.rb:113:in `call'
  railties (4.2.2) lib/rails/engine.rb:518:in `call'
  railties (4.2.2) lib/rails/application.rb:164:in `call'
  rack (1.6.4) lib/rack/lock.rb:17:in `call'
  rack (1.6.4) lib/rack/content_length.rb:15:in `call'
  rack (1.6.4) lib/rack/handler/webrick.rb:88:in `service'
  /usr/local/rvm/rubies/ruby-2.3.0/lib/ruby/2.3.0/webrick/httpserver.rb:140:in `service'
  /usr/local/rvm/rubies/ruby-2.3.0/lib/ruby/2.3.0/webrick/httpserver.rb:96:in `run'
  /usr/local/rvm/rubies/ruby-2.3.0/lib/ruby/2.3.0/webrick/server.rb:296:in `block in start_thread'


  Rendered /usr/local/rvm/gems/ruby-2.3.0/gems/web-console-2.0.0.beta3/lib/action_dispatch/templates/rescues/_trace.html.erb (1.8ms)
  Rendered /usr/local/rvm/gems/ruby-2.3.0/gems/web-console-2.0.0.beta3/lib/action_dispatch/templates/rescues/routing_error.html.erb within rescues/layout (81.0ms)


Started GET "/users" for 83.141.77.130 at 2016-02-15 20:35:58 +0000
Processing by UsersController#index as HTML
  [1m[36mUser Load (0.3ms)[0m  [1mSELECT "users".* FROM "users"[0m
  Rendered users/index.html.erb within layouts/application (3.2ms)
Completed 200 OK in 62ms (Views: 49.1ms | ActiveRecord: 0.5ms)


Started GET "/users/new" for 83.141.77.130 at 2016-02-15 20:36:00 +0000
Processing by UsersController#new as HTML
  Rendered users/_form.html.erb (37.5ms)
  Rendered users/new.html.erb within layouts/application (42.8ms)
Completed 200 OK in 134ms (Views: 127.9ms | ActiveRecord: 0.2ms)


Started POST "/users" for 83.141.77.130 at 2016-02-15 20:36:05 +0000
Processing by UsersController#create as HTML
  Parameters: {"utf8"=>"✓", "authenticity_token"=>"x5PWmu+Wo/GtmqqM6dlVmsZPOb23dRPtieZ/qJejhytWcP+qe3B2appwWTagP040zbuncQ+zaM/pj/oID7ofxw==", "user"=>{"name"=>"Didi", "email"=>"se"}, "commit"=>"Create User"}
  [1m[35m (0.2ms)[0m  begin transaction
  [1m[36mSQL (0.6ms)[0m  [1mINSERT INTO "users" ("name", "email", "created_at", "updated_at") VALUES (?, ?, ?, ?)[0m  [["name", "Didi"], ["email", "se"], ["created_at", "2016-02-15 20:36:05.929882"], ["updated_at", "2016-02-15 20:36:05.929882"]]
  [1m[35m (9.4ms)[0m  commit transaction
Redirected to https://webframework-dienys.c9users.io/users/1
Completed 302 Found in 26ms (ActiveRecord: 10.3ms)


Started GET "/users/1" for 83.141.77.130 at 2016-02-15 20:36:06 +0000
Processing by UsersController#show as HTML
  Parameters: {"id"=>"1"}
  [1m[36mUser Load (0.3ms)[0m  [1mSELECT  "users".* FROM "users" WHERE "users"."id" = ? LIMIT 1[0m  [["id", 1]]
  Rendered users/show.html.erb within layouts/application (3.0ms)
Completed 200 OK in 96ms (Views: 77.3ms | ActiveRecord: 0.3ms)


Started GET "/blogs" for 83.141.77.130 at 2016-02-15 20:37:09 +0000
  [1m[36mActiveRecord::SchemaMigration Load (0.5ms)[0m  [1mSELECT "schema_migrations".* FROM "schema_migrations"[0m
Processing by BlogsController#index as HTML
  [1m[35mBlog Load (0.2ms)[0m  SELECT "blogs".* FROM "blogs"
  Rendered blogs/index.html.erb within layouts/application (15.9ms)
Completed 200 OK in 304ms (Views: 280.4ms | ActiveRecord: 0.7ms)


Started GET "/assets/blogs.self-e3b0c44298fc1c149afbf4c8996fb92427ae41e4649b934ca495991b7852b855.css?body=1" for 83.141.77.130 at 2016-02-15 20:37:10 +0000


Started GET "/assets/users.self-e3b0c44298fc1c149afbf4c8996fb92427ae41e4649b934ca495991b7852b855.css?body=1" for 83.141.77.130 at 2016-02-15 20:37:10 +0000


Started GET "/assets/scaffolds.self-4cddaedbf50798da0e71083f0a70389982ef2881f80ea4d0046fd7ec9a64731f.css?body=1" for 83.141.77.130 at 2016-02-15 20:37:10 +0000


Started GET "/assets/application.self-e80e8f2318043e8af94dddc2adad5a4f09739a8ebb323b3ab31cd71d45fd9113.css?body=1" for 83.141.77.130 at 2016-02-15 20:37:10 +0000


Started GET "/assets/jquery.self-d03a5518f45df77341bdbe6201ba3bfa547ebba8ed64f0ea56bfa5f96ea7c074.js?body=1" for 83.141.77.130 at 2016-02-15 20:37:10 +0000


Started GET "/assets/jquery_ujs.self-8e98a7a072a6cee1372d19fff9ff3e6aa1e39a37d89d6f06861637d061113ee7.js?body=1" for 83.141.77.130 at 2016-02-15 20:37:10 +0000


Started GET "/assets/turbolinks.self-c846e670826600e8c91b1a5ada3e6547110d996cd6ff24cde55024f7a135a1b4.js?body=1" for 83.141.77.130 at 2016-02-15 20:37:10 +0000


Started GET "/assets/blogs.self-877aef30ae1b040ab8a3aba4e3e309a11d7f2612f44dde450b5c157aa5f95c05.js?body=1" for 83.141.77.130 at 2016-02-15 20:37:10 +0000


Started GET "/assets/application.self-3b8dabdc891efe46b9a144b400ad69e37d7e5876bdc39dee783419a69d7ca819.js?body=1" for 83.141.77.130 at 2016-02-15 20:37:10 +0000


Started GET "/assets/users.self-877aef30ae1b040ab8a3aba4e3e309a11d7f2612f44dde450b5c157aa5f95c05.js?body=1" for 83.141.77.130 at 2016-02-15 20:37:10 +0000


Started GET "/blogs/new" for 83.141.77.130 at 2016-02-15 20:37:13 +0000
Processing by BlogsController#new as HTML
  Rendered blogs/_form.html.erb (52.9ms)
  Rendered blogs/new.html.erb within layouts/application (63.6ms)
Completed 200 OK in 109ms (Views: 108.3ms | ActiveRecord: 0.0ms)


Started POST "/blogs" for 83.141.77.130 at 2016-02-15 20:37:28 +0000
Processing by BlogsController#create as HTML
  Parameters: {"utf8"=>"✓", "authenticity_token"=>"XeEZoQIOb9Xi/HC361OoZrkZy0+e9PytEfdyEv7WrXLMAjCRlui6TtUWgw2itbPIsu1VgyYyh49xnveyZs81ng==", "blog"=>{"content"=>"bloub +10 charracter", "user_id"=>"1"}, "commit"=>"Create Blog"}
  [1m[36m (0.1ms)[0m  [1mbegin transaction[0m
  [1m[35mSQL (0.6ms)[0m  INSERT INTO "blogs" ("content", "user_id", "created_at", "updated_at") VALUES (?, ?, ?, ?)  [["content", "bloub +10 charracter"], ["user_id", 1], ["created_at", "2016-02-15 20:37:28.308956"], ["updated_at", "2016-02-15 20:37:28.308956"]]
  [1m[36m (11.3ms)[0m  [1mcommit transaction[0m
Redirected to https://webframework-dienys.c9users.io/blogs/10
Completed 302 Found in 26ms (ActiveRecord: 12.1ms)


Started GET "/blogs/10" for 83.141.77.130 at 2016-02-15 20:37:28 +0000
Processing by BlogsController#show as HTML
  Parameters: {"id"=>"10"}
  [1m[35mBlog Load (0.3ms)[0m  SELECT  "blogs".* FROM "blogs" WHERE "blogs"."id" = ? LIMIT 1  [["id", 10]]
  Rendered blogs/show.html.erb within layouts/application (2.2ms)
Completed 200 OK in 103ms (Views: 80.9ms | ActiveRecord: 0.3ms)


Started GET "/blogs" for 83.141.77.130 at 2016-02-15 20:37:32 +0000
Processing by BlogsController#index as HTML
  [1m[36mBlog Load (0.2ms)[0m  [1mSELECT "blogs".* FROM "blogs"[0m
  Rendered blogs/index.html.erb within layouts/application (5.8ms)
Completed 200 OK in 72ms (Views: 70.1ms | ActiveRecord: 0.2ms)
  [1m[36mUser Load (0.2ms)[0m  [1mSELECT  "users".* FROM "users"  ORDER BY "users"."id" ASC LIMIT 1[0m
  [1m[35mUser Load (0.5ms)[0m  SELECT  "users".* FROM "users"  ORDER BY "users"."id" ASC LIMIT 1
  [1m[36mBlog Load (0.3ms)[0m  [1mSELECT "blogs".* FROM "blogs" WHERE "blogs"."user_id" = ?[0m  [["user_id", 1]]


Started GET "/" for 83.141.77.130 at 2016-02-15 20:41:35 +0000
  [1m[36mActiveRecord::SchemaMigration Load (0.1ms)[0m  [1mSELECT "schema_migrations".* FROM "schema_migrations"[0m

AbstractController::ActionNotFound (The action 'user' could not be found for UsersController):
  actionpack (4.2.2) lib/abstract_controller/base.rb:132:in `process'
  actionview (4.2.2) lib/action_view/rendering.rb:30:in `process'
  actionpack (4.2.2) lib/action_controller/metal.rb:196:in `dispatch'
  actionpack (4.2.2) lib/action_controller/metal/rack_delegation.rb:13:in `dispatch'
  actionpack (4.2.2) lib/action_controller/metal.rb:237:in `block in action'
  actionpack (4.2.2) lib/action_dispatch/routing/route_set.rb:74:in `dispatch'
  actionpack (4.2.2) lib/action_dispatch/routing/route_set.rb:43:in `serve'
  actionpack (4.2.2) lib/action_dispatch/journey/router.rb:43:in `block in serve'
  actionpack (4.2.2) lib/action_dispatch/journey/router.rb:30:in `each'
  actionpack (4.2.2) lib/action_dispatch/journey/router.rb:30:in `serve'
  actionpack (4.2.2) lib/action_dispatch/routing/route_set.rb:819:in `call'
  rack (1.6.4) lib/rack/etag.rb:24:in `call'
  rack (1.6.4) lib/rack/conditionalget.rb:25:in `call'
  rack (1.6.4) lib/rack/head.rb:13:in `call'
  actionpack (4.2.2) lib/action_dispatch/middleware/params_parser.rb:27:in `call'
  actionpack (4.2.2) lib/action_dispatch/middleware/flash.rb:260:in `call'
  rack (1.6.4) lib/rack/session/abstract/id.rb:225:in `context'
  rack (1.6.4) lib/rack/session/abstract/id.rb:220:in `call'
  actionpack (4.2.2) lib/action_dispatch/middleware/cookies.rb:560:in `call'
  activerecord (4.2.2) lib/active_record/query_cache.rb:36:in `call'
  activerecord (4.2.2) lib/active_record/connection_adapters/abstract/connection_pool.rb:649:in `call'
  activerecord (4.2.2) lib/active_record/migration.rb:378:in `call'
  actionpack (4.2.2) lib/action_dispatch/middleware/callbacks.rb:29:in `block in call'
  activesupport (4.2.2) lib/active_support/callbacks.rb:88:in `_run_callbacks'
  activesupport (4.2.2) lib/active_support/callbacks.rb:776:in `_run_call_callbacks'
  activesupport (4.2.2) lib/active_support/callbacks.rb:81:in `run_callbacks'
  actionpack (4.2.2) lib/action_dispatch/middleware/callbacks.rb:27:in `call'
  actionpack (4.2.2) lib/action_dispatch/middleware/reloader.rb:73:in `call'
  actionpack (4.2.2) lib/action_dispatch/middleware/remote_ip.rb:78:in `call'
  web-console (2.0.0.beta3) lib/action_dispatch/debug_exceptions.rb:18:in `middleware_call'
  web-console (2.0.0.beta3) lib/action_dispatch/debug_exceptions.rb:13:in `call'
  actionpack (4.2.2) lib/action_dispatch/middleware/show_exceptions.rb:30:in `call'
  railties (4.2.2) lib/rails/rack/logger.rb:38:in `call_app'
  railties (4.2.2) lib/rails/rack/logger.rb:20:in `block in call'
  activesupport (4.2.2) lib/active_support/tagged_logging.rb:68:in `block in tagged'
  activesupport (4.2.2) lib/active_support/tagged_logging.rb:26:in `tagged'
  activesupport (4.2.2) lib/active_support/tagged_logging.rb:68:in `tagged'
  railties (4.2.2) lib/rails/rack/logger.rb:20:in `call'
  actionpack (4.2.2) lib/action_dispatch/middleware/request_id.rb:21:in `call'
  rack (1.6.4) lib/rack/methodoverride.rb:22:in `call'
  rack (1.6.4) lib/rack/runtime.rb:18:in `call'
  activesupport (4.2.2) lib/active_support/cache/strategy/local_cache_middleware.rb:28:in `call'
  rack (1.6.4) lib/rack/lock.rb:17:in `call'
  actionpack (4.2.2) lib/action_dispatch/middleware/static.rb:113:in `call'
  rack (1.6.4) lib/rack/sendfile.rb:113:in `call'
  railties (4.2.2) lib/rails/engine.rb:518:in `call'
  railties (4.2.2) lib/rails/application.rb:164:in `call'
  rack (1.6.4) lib/rack/lock.rb:17:in `call'
  rack (1.6.4) lib/rack/content_length.rb:15:in `call'
  rack (1.6.4) lib/rack/handler/webrick.rb:88:in `service'
  /usr/local/rvm/rubies/ruby-2.3.0/lib/ruby/2.3.0/webrick/httpserver.rb:140:in `service'
  /usr/local/rvm/rubies/ruby-2.3.0/lib/ruby/2.3.0/webrick/httpserver.rb:96:in `run'
  /usr/local/rvm/rubies/ruby-2.3.0/lib/ruby/2.3.0/webrick/server.rb:296:in `block in start_thread'


  Rendered /usr/local/rvm/gems/ruby-2.3.0/gems/web-console-2.0.0.beta3/lib/action_dispatch/templates/rescues/unknown_action.html.erb within rescues/layout (7.7ms)


Started GET "/" for 83.141.77.130 at 2016-02-15 20:44:34 +0000
  [1m[36mActiveRecord::SchemaMigration Load (0.2ms)[0m  [1mSELECT "schema_migrations".* FROM "schema_migrations"[0m
Processing by HomeController#index as HTML
  Rendered home/index.html.erb within layouts/application (4.1ms)
Completed 200 OK in 669ms (Views: 652.2ms | ActiveRecord: 0.0ms)


Started GET "/assets/home.self-e3b0c44298fc1c149afbf4c8996fb92427ae41e4649b934ca495991b7852b855.css?body=1" for 83.141.77.130 at 2016-02-15 20:44:35 +0000


Started GET "/assets/home.self-877aef30ae1b040ab8a3aba4e3e309a11d7f2612f44dde450b5c157aa5f95c05.js?body=1" for 83.141.77.130 at 2016-02-15 20:44:35 +0000
